ATCCTAGAGCTAGAGTGCT	14	32	+	MYC_upstream_200bp	-0.002267
GCTAGAGTGCTCGGCTGCC	22	40	+	MYC_upstream_200bp	0.010907
TCCCCATAAGCGCCCCTCC	81	99	+	MYC_upstream_200bp	-0.062648
CCCCATAAGCGCCCCTCCC	82	100	+	MYC_upstream_200bp	-0.004723
TCCCGGGTTCCCAAAGCAG	97	115	+	MYC_upstream_200bp	0.077241
CCCGGGTTCCCAAAGCAGA	98	116	+	MYC_upstream_200bp	-0.035843
GTTCCCAAAGCAGAGGGCG	103	121	+	MYC_upstream_200bp	-0.091765
TTCCCAAAGCAGAGGGCGT	104	122	+	MYC_upstream_200bp	0.065513
TCCCAAAGCAGAGGGCGTG	105	123	+	MYC_upstream_200bp	0.027774
CCCAAAGCAGAGGGCGTGG	106	124	+	MYC_upstream_200bp	0.204500
CTCGCTAATCTCCGCCCAC	147	165	+	MYC_upstream_200bp	-0.085771
ACCGGCCCTTTATAATGCG	164	182	+	MYC_upstream_200bp	-0.016174
CCGGCCCTTTATAATGCGA	165	183	+	MYC_upstream_200bp	-0.078808
CCTTTATAATGCGAGGGTC	170	188	+	MYC_upstream_200bp	-0.093554
TATAATGCGAGGGTCTGGA	174	192	+	MYC_upstream_200bp	0.078872
CCAGACCCTCGCATTATAA	173	191	-	MYC_upstream_200bp	0.032927
CAGACCCTCGCATTATAAA	172	190	-	MYC_upstream_200bp	-0.039817
CCCTCGCATTATAAAGGGC	168	186	-	MYC_upstream_200bp	-0.087582
TCGCATTATAAAGGGCCGG	165	183	-	MYC_upstream_200bp	-0.090383
CGCATTATAAAGGGCCGGT	164	182	-	MYC_upstream_200bp	-0.001173
ATTATAAAGGGCCGGTGGG	161	179	-	MYC_upstream_200bp	-0.058183
GGGCGGAGATTAGCGAGAG	145	163	-	MYC_upstream_200bp	0.022989
TCCCCCACGCCCTCTGCTT	110	128	-	MYC_upstream_200bp	0.110036
CCCCCACGCCCTCTGCTTT	109	127	-	MYC_upstream_200bp	-0.014062
GCCCTCTGCTTTGGGAACC	102	120	-	MYC_upstream_200bp	-0.119799
CCCTCTGCTTTGGGAACCC	101	119	-	MYC_upstream_200bp	0.008654
TCTGCTTTGGGAACCCGGG	98	116	-	MYC_upstream_200bp	-0.105428
CTGCTTTGGGAACCCGGGA	97	115	-	MYC_upstream_200bp	-0.037954
TGCTTTGGGAACCCGGGAG	96	114	-	MYC_upstream_200bp	0.065043
AACCCGGGAGGGGCGCTTA	87	105	-	MYC_upstream_200bp	0.112392
ACCCGGGAGGGGCGCTTAT	86	104	-	MYC_upstream_200bp	0.182402
CCCGGGAGGGGCGCTTATG	85	103	-	MYC_upstream_200bp	0.150790
GGGAGGGGCGCTTATGGGG	82	100	-	MYC_upstream_200bp	0.064305
GGAGGGGCGCTTATGGGGA	81	99	-	MYC_upstream_200bp	0.017303
GGGGCGCTTATGGGGAGGG	78	96	-	MYC_upstream_200bp	-0.057315
GGGCGCTTATGGGGAGGGT	77	95	-	MYC_upstream_200bp	0.018112
GGCGCTTATGGGGAGGGTG	76	94	-	MYC_upstream_200bp	-0.041731
GCTTATGGGGAGGGTGGGG	73	91	-	MYC_upstream_200bp	0.106374
CTTATGGGGAGGGTGGGGA	72	90	-	MYC_upstream_200bp	0.021720
ATGGGGAGGGTGGGGAGGG	69	87	-	MYC_upstream_200bp	0.069650
TGGGGAGGGTGGGGAGGGT	68	86	-	MYC_upstream_200bp	0.114196
GGGGAGGGTGGGGAGGGTG	67	85	-	MYC_upstream_200bp	0.060815
AGGGTGGGGAGGGTGGGGA	63	81	-	MYC_upstream_200bp	0.025259
GTGGGGAGGGTGGGGAAGG	60	78	-	MYC_upstream_200bp	0.088407
TGGGGAGGGTGGGGAAGGT	59	77	-	MYC_upstream_200bp	0.126753
GGGGAGGGTGGGGAAGGTG	58	76	-	MYC_upstream_200bp	0.081256
GAGGGTGGGGAAGGTGGGG	55	73	-	MYC_upstream_200bp	0.101149
GGTGGGGAGGAGACTCAGC	43	61	-	MYC_upstream_200bp	0.039845
GTGGGGAGGAGACTCAGCC	42	60	-	MYC_upstream_200bp	-0.003820
AGCCGAGCACTCTAGCTCT	19	37	-	MYC_upstream_200bp	0.131634
