CTTAGACGCTGGATTTTTTTCGGGTAGTGG	3	32	+	MYC_exon1_hg19	-0.871030
TTAGACGCTGGATTTTTTTCGGGTAGTGGA	4	33	+	MYC_exon1_hg19	-0.681916
GCTGGATTTTTTTCGGGTAGTGGAAAACCA	10	39	+	MYC_exon1_hg19	0.071218
TTTTCGGGTAGTGGAAAACCAGGTAAGCAC	19	48	+	MYC_exon1_hg19	0.304380
TCAACGTTAGCTTCACCAACAGGAACTATG	33	62	+	MYC_exon2_hg19	0.011518
CTATGACCTCGACTACGACTCGGTGCAGCC	58	87	+	MYC_exon2_hg19	0.328669
GCCGTATTTCTACTGCGACGAGGAGGAGAA	85	114	+	MYC_exon2_hg19	0.353556
GTATTTCTACTGCGACGAGGAGGAGAACTT	88	117	+	MYC_exon2_hg19	0.539214
GCAGAGCGAGCTGCAGCCCCCGGCGCCCAG	133	162	+	MYC_exon2_hg19	0.719896
GCAGCCCCCGGCGCCCAGCGAGGATATCTG	145	174	+	MYC_exon2_hg19	0.316691
CGGCGCCCAGCGAGGATATCTGGAAGAAAT	153	182	+	MYC_exon2_hg19	-0.922924
CTGTCCCCTAGCCGCCGCTCCGGGCTCTGC	206	235	+	MYC_exon2_hg19	-0.169504
TGTCCCCTAGCCGCCGCTCCGGGCTCTGCT	207	236	+	MYC_exon2_hg19	-0.186865
CTGCTCGCCCTCCTACGTTGCGGTCACACC	232	261	+	MYC_exon2_hg19	0.203526
CGGTCACACCCTTCTCCCTTCGGGGAGACA	252	281	+	MYC_exon2_hg19	-0.287699
GGTCACACCCTTCTCCCTTCGGGGAGACAA	253	282	+	MYC_exon2_hg19	-0.642792
GTCACACCCTTCTCCCTTCGGGGAGACAAC	254	283	+	MYC_exon2_hg19	-0.425454
TCCCTTCGGGGAGACAACGACGGCGGTGGC	266	295	+	MYC_exon2_hg19	0.645563
CTTCGGGGAGACAACGACGGCGGTGGCGGG	269	298	+	MYC_exon2_hg19	1.134803
CGGGGAGACAACGACGGCGGTGGCGGGAGC	272	301	+	MYC_exon2_hg19	1.353258
GGAGACAACGACGGCGGTGGCGGGAGCTTC	275	304	+	MYC_exon2_hg19	0.475938
GAGACAACGACGGCGGTGGCGGGAGCTTCT	276	305	+	MYC_exon2_hg19	-0.224178
CGGTGGCGGGAGCTTCTCCACGGCCGACCA	289	318	+	MYC_exon2_hg19	0.342984
CTTCTCCACGGCCGACCAGCTGGAGATGGT	301	330	+	MYC_exon2_hg19	-0.171418
CACGGCCGACCAGCTGGAGATGGTGACCGA	307	336	+	MYC_exon2_hg19	0.344530
GGAGATGGTGACCGAGCTGCTGGGAGGAGA	322	351	+	MYC_exon2_hg19	0.019189
GAGATGGTGACCGAGCTGCTGGGAGGAGAC	323	352	+	MYC_exon2_hg19	-0.258391
ATGGTGACCGAGCTGCTGGGAGGAGACATG	326	355	+	MYC_exon2_hg19	0.527491
CGAGCTGCTGGGAGGAGACATGGTGAACCA	334	363	+	MYC_exon2_hg19	0.029629
CCAGAGTTTCATCTGCGACCCGGACGACGA	361	390	+	MYC_exon2_hg19	0.221669
CATCAAAAACATCATCATCCAGGACTGTAT	397	426	+	MYC_exon2_hg19	-0.193533
TCATCATCCAGGACTGTATGTGGAGCGGCT	408	437	+	MYC_exon2_hg19	-0.394894
ATCCAGGACTGTATGTGGAGCGGCTTCTCG	413	442	+	MYC_exon2_hg19	0.809502
CTGTATGTGGAGCGGCTTCTCGGCCGCCGC	421	450	+	MYC_exon2_hg19	-0.611954
CAAGCTCGTCTCAGAGAAGCTGGCCTCCTA	451	480	+	MYC_exon2_hg19	0.035171
AGAGAAGCTGGCCTCCTACCAGGCTGCGCG	463	492	+	MYC_exon2_hg19	-0.032809
CAGGCTGCGCGCAAAGACAGCGGCAGCCCG	482	511	+	MYC_exon2_hg19	1.133664
GGCAGCCCGAACCCCGCCCGCGGCCACAGC	503	532	+	MYC_exon2_hg19	0.886217
CACCTCCAGCTTGTACCTGCAGGATCTGAG	541	570	+	MYC_exon2_hg19	-0.156747
CTCAGAGTGCATCGACCCCTCGGTGGTCTT	580	609	+	MYC_exon2_hg19	-0.042599
AGAGTGCATCGACCCCTCGGTGGTCTTCCC	583	612	+	MYC_exon2_hg19	0.479376
CAGCGCCTTCTCTCCGTCCTCGGATTCTCT	664	693	+	MYC_exon2_hg19	-0.433270
GGATTCTCTGCTCTCCTCGACGGAGTCCTC	685	714	+	MYC_exon2_hg19	0.127122
CTCGACGGAGTCCTCCCCGCAGGGCAGCCC	700	729	+	MYC_exon2_hg19	0.348134
TCGACGGAGTCCTCCCCGCAGGGCAGCCCC	701	730	+	MYC_exon2_hg19	0.363121
GCAGGGCAGCCCCGAGCCCCTGGTGCTCCA	718	747	+	MYC_exon2_hg19	0.078706
CGAGCCCCTGGTGCTCCATGAGGAGACACC	730	759	+	MYC_exon2_hg19	0.132362
CCCACCACCAGCAGCGACTCTGGTAAGCGA	761	790	+	MYC_exon2_hg19	-0.546720
TCGCTTACCAGAGTCGCTGCTGGTGGTGGG	761	790	-	MYC_exon2_hg19	-0.008944
CTTACCAGAGTCGCTGCTGGTGGTGGGCGG	758	787	-	MYC_exon2_hg19	0.141739
ACCAGAGTCGCTGCTGGTGGTGGGCGGTGT	755	784	-	MYC_exon2_hg19	0.439424
CCAGAGTCGCTGCTGGTGGTGGGCGGTGTC	754	783	-	MYC_exon2_hg19	-0.229878
GAGTCGCTGCTGGTGGTGGGCGGTGTCTCC	751	780	-	MYC_exon2_hg19	0.246732
TGGTGGGCGGTGTCTCCTCATGGAGCACCA	738	767	-	MYC_exon2_hg19	-0.215227
GTGTCTCCTCATGGAGCACCAGGGGCTCGG	729	758	-	MYC_exon2_hg19	-0.223542
TGTCTCCTCATGGAGCACCAGGGGCTCGGG	728	757	-	MYC_exon2_hg19	0.194161
GTCTCCTCATGGAGCACCAGGGGCTCGGGG	727	756	-	MYC_exon2_hg19	0.519449
CTCATGGAGCACCAGGGGCTCGGGGCTGCC	722	751	-	MYC_exon2_hg19	-0.130690
TCATGGAGCACCAGGGGCTCGGGGCTGCCC	721	750	-	MYC_exon2_hg19	0.003819
CATGGAGCACCAGGGGCTCGGGGCTGCCCT	720	749	-	MYC_exon2_hg19	0.523942
AGGGGCTCGGGGCTGCCCTGCGGGGAGGAC	709	738	-	MYC_exon2_hg19	0.442887
GGGGCTCGGGGCTGCCCTGCGGGGAGGACT	708	737	-	MYC_exon2_hg19	-0.166885
GGGCTCGGGGCTGCCCTGCGGGGAGGACTC	707	736	-	MYC_exon2_hg19	0.086646
CTCGGGGCTGCCCTGCGGGGAGGACTCCGT	704	733	-	MYC_exon2_hg19	0.995510
CTGCGGGGAGGACTCCGTCGAGGAGAGCAG	692	721	-	MYC_exon2_hg19	0.760201
CGAGGAGAGCAGAGAATCCGAGGACGGAGA	674	703	-	MYC_exon2_hg19	0.622836
GAGAGCAGAGAATCCGAGGACGGAGAGAAG	670	699	-	MYC_exon2_hg19	0.456892
AGAATCCGAGGACGGAGAGAAGGCGCTGGA	662	691	-	MYC_exon2_hg19	0.439131
CGAGGACGGAGAGAAGGCGCTGGAGTCTTG	656	685	-	MYC_exon2_hg19	0.877788
GAAGGCGCTGGAGTCTTGCGAGGCGCAGGA	644	673	-	MYC_exon2_hg19	0.586653
GCTGGAGTCTTGCGAGGCGCAGGACTTGGG	638	667	-	MYC_exon2_hg19	0.392868
GTCTTGCGAGGCGCAGGACTTGGGCGAGCT	632	661	-	MYC_exon2_hg19	-0.058894
TCTTGCGAGGCGCAGGACTTGGGCGAGCTG	631	660	-	MYC_exon2_hg19	0.047460
GGCGAGCTGCTGTCGTTGAGAGGGTAGGGG	610	639	-	MYC_exon2_hg19	-0.073187
GCGAGCTGCTGTCGTTGAGAGGGTAGGGGA	609	638	-	MYC_exon2_hg19	0.133516
GCTGCTGTCGTTGAGAGGGTAGGGGAAGAC	605	634	-	MYC_exon2_hg19	0.246591
CTGCTGTCGTTGAGAGGGTAGGGGAAGACC	604	633	-	MYC_exon2_hg19	-0.345181
TGCTGTCGTTGAGAGGGTAGGGGAAGACCA	603	632	-	MYC_exon2_hg19	0.367624
AGGGTAGGGGAAGACCACCGAGGGGTCGAT	590	619	-	MYC_exon2_hg19	0.875336
GGGTAGGGGAAGACCACCGAGGGGTCGATG	589	618	-	MYC_exon2_hg19	0.971630
GGTAGGGGAAGACCACCGAGGGGTCGATGC	588	617	-	MYC_exon2_hg19	1.056359
CGAGGGGTCGATGCACTCTGAGGCGGCGGC	572	601	-	MYC_exon2_hg19	0.687256
GGGGTCGATGCACTCTGAGGCGGCGGCGCT	569	598	-	MYC_exon2_hg19	1.209254
GTCGATGCACTCTGAGGCGGCGGCGCTCAG	566	595	-	MYC_exon2_hg19	0.912424
CGGCGGCGCTCAGATCCTGCAGGTACAAGC	549	578	-	MYC_exon2_hg19	0.234067
CAGATCCTGCAGGTACAAGCTGGAGGTGGA	539	568	-	MYC_exon2_hg19	0.147087
ATCCTGCAGGTACAAGCTGGAGGTGGAGCA	536	565	-	MYC_exon2_hg19	0.559414
CTGCAGGTACAAGCTGGAGGTGGAGCAGAC	533	562	-	MYC_exon2_hg19	0.898195
TGGAGGTGGAGCAGACGCTGTGGCCGCGGG	519	548	-	MYC_exon2_hg19	0.638409
TGGAGCAGACGCTGTGGCCGCGGGCGGGGT	513	542	-	MYC_exon2_hg19	0.575571
GGAGCAGACGCTGTGGCCGCGGGCGGGGTT	512	541	-	MYC_exon2_hg19	0.764137
GCAGACGCTGTGGCCGCGGGCGGGGTTCGG	509	538	-	MYC_exon2_hg19	0.493903
CAGACGCTGTGGCCGCGGGCGGGGTTCGGG	508	537	-	MYC_exon2_hg19	0.320756
AGACGCTGTGGCCGCGGGCGGGGTTCGGGC	507	536	-	MYC_exon2_hg19	0.248046
CTGTGGCCGCGGGCGGGGTTCGGGCTGCCG	502	531	-	MYC_exon2_hg19	-0.241881
TGTGGCCGCGGGCGGGGTTCGGGCTGCCGC	501	530	-	MYC_exon2_hg19	-0.346535
CGCTGTCTTTGCGCGCAGCCTGGTAGGAGG	474	503	-	MYC_exon2_hg19	-0.322939
GTCTTTGCGCGCAGCCTGGTAGGAGGCCAG	470	499	-	MYC_exon2_hg19	-0.577688
TTTGCGCGCAGCCTGGTAGGAGGCCAGCTT	467	496	-	MYC_exon2_hg19	0.805766
CAGCTTCTCTGAGACGAGCTTGGCGGCGGC	443	472	-	MYC_exon2_hg19	-0.104376
CTTCTCTGAGACGAGCTTGGCGGCGGCCGA	440	469	-	MYC_exon2_hg19	0.257584
CTCTGAGACGAGCTTGGCGGCGGCCGAGAA	437	466	-	MYC_exon2_hg19	1.259729
AGCCGCTCCACATACAGTCCTGGATGATGA	408	437	-	MYC_exon2_hg19	-0.079919
GATGATGATGTTTTTGATGAAGGTCTCGTC	386	415	-	MYC_exon2_hg19	0.185759
TTGATGAAGGTCTCGTCGTCCGGGTCGCAG	373	402	-	MYC_exon2_hg19	-0.496247
TGATGAAGGTCTCGTCGTCCGGGTCGCAGA	372	401	-	MYC_exon2_hg19	-0.305489
CCGGGTCGCAGATGAAACTCTGGTTCACCA	354	383	-	MYC_exon2_hg19	0.145658
CATGTCTCCTCCCAGCAGCTCGGTCACCAT	326	355	-	MYC_exon2_hg19	-0.212396
GCTCGGTCACCATCTCCAGCTGGTCGGCCG	309	338	-	MYC_exon2_hg19	0.174279
GGTCACCATCTCCAGCTGGTCGGCCGTGGA	305	334	-	MYC_exon2_hg19	-0.413627
CATCTCCAGCTGGTCGGCCGTGGAGAAGCT	299	328	-	MYC_exon2_hg19	0.443452
CGCCGTCGTTGTCTCCCCGAAGGGAGAAGG	261	290	-	MYC_exon2_hg19	0.506196
GCCGTCGTTGTCTCCCCGAAGGGAGAAGGG	260	289	-	MYC_exon2_hg19	-0.120638
GTTGTCTCCCCGAAGGGAGAAGGGTGTGAC	254	283	-	MYC_exon2_hg19	0.238751
TTGTCTCCCCGAAGGGAGAAGGGTGTGACC	253	282	-	MYC_exon2_hg19	-0.120625
GAAGGGTGTGACCGCAACGTAGGAGGGCGA	236	265	-	MYC_exon2_hg19	0.379844
GGGTGTGACCGCAACGTAGGAGGGCGAGCA	233	262	-	MYC_exon2_hg19	0.397845
GGTGTGACCGCAACGTAGGAGGGCGAGCAG	232	261	-	MYC_exon2_hg19	0.692737
GTAGGAGGGCGAGCAGAGCCCGGAGCGGCG	218	247	-	MYC_exon2_hg19	0.406349
AGGGCGAGCAGAGCCCGGAGCGGCGGCTAG	213	242	-	MYC_exon2_hg19	1.043908
GCGAGCAGAGCCCGGAGCGGCGGCTAGGGG	210	239	-	MYC_exon2_hg19	1.122886
CAGAGCCCGGAGCGGCGGCTAGGGGACAGG	205	234	-	MYC_exon2_hg19	-0.225336
AGAGCCCGGAGCGGCGGCTAGGGGACAGGG	204	233	-	MYC_exon2_hg19	0.036713
GAGCCCGGAGCGGCGGCTAGGGGACAGGGG	203	232	-	MYC_exon2_hg19	0.311957
CGGAGCGGCGGCTAGGGGACAGGGGCGGGG	198	227	-	MYC_exon2_hg19	0.137116
GGAGCGGCGGCTAGGGGACAGGGGCGGGGT	197	226	-	MYC_exon2_hg19	0.157024
GAGCGGCGGCTAGGGGACAGGGGCGGGGTG	196	225	-	MYC_exon2_hg19	0.650427
CGGCGGCTAGGGGACAGGGGCGGGGTGGGC	193	222	-	MYC_exon2_hg19	1.023133
GGCGGCTAGGGGACAGGGGCGGGGTGGGCA	192	221	-	MYC_exon2_hg19	0.391189
GCGGCTAGGGGACAGGGGCGGGGTGGGCAG	191	220	-	MYC_exon2_hg19	0.634507
GCTAGGGGACAGGGGCGGGGTGGGCAGCAG	188	217	-	MYC_exon2_hg19	0.637116
CTAGGGGACAGGGGCGGGGTGGGCAGCAGC	187	216	-	MYC_exon2_hg19	0.555229
TTTCTTCCAGATATCCTCGCTGGGCGCCGG	152	181	-	MYC_exon2_hg19	-0.031736
TTCTTCCAGATATCCTCGCTGGGCGCCGGG	151	180	-	MYC_exon2_hg19	-0.103115
CAGATATCCTCGCTGGGCGCCGGGGGCTGC	145	174	-	MYC_exon2_hg19	0.457958
AGATATCCTCGCTGGGCGCCGGGGGCTGCA	144	173	-	MYC_exon2_hg19	-0.431005
GATATCCTCGCTGGGCGCCGGGGGCTGCAG	143	172	-	MYC_exon2_hg19	0.481327
ATATCCTCGCTGGGCGCCGGGGGCTGCAGC	142	171	-	MYC_exon2_hg19	0.551041
GCTCGCTCTGCTGCTGCTGCTGGTAGAAGT	114	143	-	MYC_exon2_hg19	-0.187067
TCCTCGTCGCAGTAGAAATACGGCTGCACC	79	108	-	MYC_exon2_hg19	-0.045767
GCTGCACCGAGTCGTAGTCGAGGTCATAGT	57	86	-	MYC_exon2_hg19	0.322727
GTCGAGGTCATAGTTCCTGTTGGTGAAGCT	41	70	-	MYC_exon2_hg19	0.017724
TGTTGGTGAAGCTAACGTTGAGGGGCATCG	24	53	-	MYC_exon2_hg19	0.469994
GTTGGTGAAGCTAACGTTGAGGGGCATCGT	23	52	-	MYC_exon2_hg19	-0.115489
TTGGTGAAGCTAACGTTGAGGGGCATCGTC	22	51	-	MYC_exon2_hg19	0.288040
AACGTTGAGGGGCATCGTCGCGGGAGGCTG	11	40	-	MYC_exon2_hg19	0.364426
ACGTTGAGGGGCATCGTCGCGGGAGGCTGC	10	39	-	MYC_exon2_hg19	0.172771
TTGAGGGGCATCGTCGCGGGAGGCTGCTGG	7	36	-	MYC_exon2_hg19	1.060250
GCATCGTCGCGGGAGGCTGCTGGAGCGGGG	0	29	-	MYC_exon2_hg19	-0.159105
AGAGGAGGAACAAGAAGATGAGGAAGAAAT	9	38	+	MYC_exon3_hg19	0.757441
AGAAATCGATGTTGTTTCTGTGGAAAAGAG	33	62	+	MYC_exon3_hg19	-0.384918
ATGTTGTTTCTGTGGAAAAGAGGCAGGCTC	41	70	+	MYC_exon3_hg19	0.307296
TGTTTCTGTGGAAAAGAGGCAGGCTCCTGG	45	74	+	MYC_exon3_hg19	0.517762
GTGGAAAAGAGGCAGGCTCCTGGCAAAAGG	52	81	+	MYC_exon3_hg19	-0.012443
AGAGGCAGGCTCCTGGCAAAAGGTCAGAGT	59	88	+	MYC_exon3_hg19	0.056735
CCTGGCAAAAGGTCAGAGTCTGGATCACCT	70	99	+	MYC_exon3_hg19	-0.076341
GAGTCTGGATCACCTTCTGCTGGAGGCCAC	85	114	+	MYC_exon3_hg19	0.009236
TCTGGATCACCTTCTGCTGGAGGCCACAGC	88	117	+	MYC_exon3_hg19	0.729311
CAAACCTCCTCACAGCCCACTGGTCCTCAA	117	146	+	MYC_exon3_hg19	-0.140743
ACAGCCCACTGGTCCTCAAGAGGTGCCACG	128	157	+	MYC_exon3_hg19	0.433337
ACGCAGCGCCTCCCTCCACTCGGAAGGACT	179	208	+	MYC_exon3_hg19	-0.265254
AGCGCCTCCCTCCACTCGGAAGGACTATCC	183	212	+	MYC_exon3_hg19	-0.035894
AGGACTATCCTGCTGCCAAGAGGGTCAAGT	203	232	+	MYC_exon3_hg19	0.256811
GGACTATCCTGCTGCCAAGAGGGTCAAGTT	204	233	+	MYC_exon3_hg19	-0.046688
TGCTGCCAAGAGGGTCAAGTTGGACAGTGT	213	242	+	MYC_exon3_hg19	-0.342470
ACCGAAAATGCACCAGCCCCAGGTCCTCGG	269	298	+	MYC_exon3_hg19	0.281271
ATGCACCAGCCCCAGGTCCTCGGACACCGA	276	305	+	MYC_exon3_hg19	-0.310123
CCCCAGGTCCTCGGACACCGAGGAGAATGT	285	314	+	MYC_exon3_hg19	0.502180
ACACCGAGGAGAATGTCAAGAGGCGAACAC	299	328	+	MYC_exon3_hg19	0.929845
GAGGCGAACACACAACGTCTTGGAGCGCCA	318	347	+	MYC_exon3_hg19	0.190887
ACAACGTCTTGGAGCGCCAGAGGAGGAACG	329	358	+	MYC_exon3_hg19	0.403513
ACGTCTTGGAGCGCCAGAGGAGGAACGAGC	332	361	+	MYC_exon3_hg19	0.886432
AGAGGAGGAACGAGCTAAAACGGAGCTTTT	347	376	+	MYC_exon3_hg19	0.055575
TGCCCTGCGTGACCAGATCCCGGAGTTGGA	378	407	+	MYC_exon3_hg19	-0.122542
GCGTGACCAGATCCCGGAGTTGGAAAACAA	384	413	+	MYC_exon3_hg19	0.093106
GGAGTTGGAAAACAATGAAAAGGCCCCCAA	399	428	+	MYC_exon3_hg19	0.927925
AAACAATGAAAAGGCCCCCAAGGTAGTTAT	408	437	+	MYC_exon3_hg19	0.133830
CATCCTGTCCGTCCAAGCAGAGGAGCAAAA	459	488	+	MYC_exon3_hg19	1.110417
GCAAAAGCTCATTTCTGAAGAGGACTTGTT	483	512	+	MYC_exon3_hg19	0.556839
TTTCTGAAGAGGACTTGTTGCGGAAACGAC	494	523	+	MYC_exon3_hg19	0.243864
AACACAAACTTGAACAGCTACGGAACTCTT	536	565	+	MYC_exon3_hg19	-0.229679
CTACGGAACTCTTGTGCGTAAGGAAAAGTA	553	582	+	MYC_exon3_hg19	-0.341923
TGAGCTTTTGCTCCTCTGCTTGGACGGACA	464	493	-	MYC_exon3_hg19	-0.717547
CTTTTGCTCCTCTGCTTGGACGGACAGGAT	460	489	-	MYC_exon3_hg19	-0.394337
GCTCCTCTGCTTGGACGGACAGGATGTATG	455	484	-	MYC_exon3_hg19	-0.316488
GACGGACAGGATGTATGCTGTGGCTTTTTT	442	471	-	MYC_exon3_hg19	0.647949
TGTATGCTGTGGCTTTTTTAAGGATAACTA	431	460	-	MYC_exon3_hg19	-0.621316
TTTTTTAAGGATAACTACCTTGGGGGCCTT	418	447	-	MYC_exon3_hg19	-0.112150
TTTTTAAGGATAACTACCTTGGGGGCCTTT	417	446	-	MYC_exon3_hg19	-0.105761
TTTTAAGGATAACTACCTTGGGGGCCTTTT	416	445	-	MYC_exon3_hg19	0.320877
TTTAAGGATAACTACCTTGGGGGCCTTTTC	415	444	-	MYC_exon3_hg19	0.528750
TTTTCATTGTTTTCCAACTCCGGGATCTGG	390	419	-	MYC_exon3_hg19	-0.303637
TTTCATTGTTTTCCAACTCCGGGATCTGGT	389	418	-	MYC_exon3_hg19	-0.271168
TGTTTTCCAACTCCGGGATCTGGTCACGCA	383	412	-	MYC_exon3_hg19	-0.324608
ACTCCGGGATCTGGTCACGCAGGGCAAAAA	374	403	-	MYC_exon3_hg19	0.338392
CTCCGGGATCTGGTCACGCAGGGCAAAAAA	373	402	-	MYC_exon3_hg19	0.354943
GTTTTAGCTCGTTCCTCCTCTGGCGCTCCA	338	367	-	MYC_exon3_hg19	-0.201953
TCGCCTCTTGACATTCTCCTCGGTGTCCGA	295	324	-	MYC_exon3_hg19	-0.231730
GACATTCTCCTCGGTGTCCGAGGACCTGGG	286	315	-	MYC_exon3_hg19	-0.375850
CTCCTCGGTGTCCGAGGACCTGGGGCTGGT	280	309	-	MYC_exon3_hg19	-0.503341
TCCTCGGTGTCCGAGGACCTGGGGCTGGTG	279	308	-	MYC_exon3_hg19	0.082977
CCTCGGTGTCCGAGGACCTGGGGCTGGTGC	278	307	-	MYC_exon3_hg19	0.484015
GGTGTCCGAGGACCTGGGGCTGGTGCATTT	274	303	-	MYC_exon3_hg19	0.259703
ACCTGGGGCTGGTGCATTTTCGGTTGTTGC	263	292	-	MYC_exon3_hg19	-1.076839
GGTTGTTGCTGATCTGTCTCAGGACTCTGA	242	271	-	MYC_exon3_hg19	-0.445722
ACTGTCCAACTTGACCCTCTTGGCAGCAGG	211	240	-	MYC_exon3_hg19	-0.411649
AACTTGACCCTCTTGGCAGCAGGATAGTCC	204	233	-	MYC_exon3_hg19	0.003215
AGCAGGATAGTCCTTCCGAGTGGAGGGAGG	187	216	-	MYC_exon3_hg19	0.182006
AGGATAGTCCTTCCGAGTGGAGGGAGGCGC	184	213	-	MYC_exon3_hg19	0.595607
GGATAGTCCTTCCGAGTGGAGGGAGGCGCT	183	212	-	MYC_exon3_hg19	-0.236610
TAGTCCTTCCGAGTGGAGGGAGGCGCTGCG	180	209	-	MYC_exon3_hg19	0.751021
TGCGTAGTTGTGCTGATGTGTGGAGACGTG	154	183	-	MYC_exon3_hg19	-0.370809
TGTGCTGATGTGTGGAGACGTGGCACCTCT	146	175	-	MYC_exon3_hg19	0.392329
TGGAGACGTGGCACCTCTTGAGGACCAGTG	134	163	-	MYC_exon3_hg19	-0.020740
TGGCACCTCTTGAGGACCAGTGGGCTGTGA	126	155	-	MYC_exon3_hg19	0.202906
GGCACCTCTTGAGGACCAGTGGGCTGTGAG	125	154	-	MYC_exon3_hg19	-0.022761
TTGAGGACCAGTGGGCTGTGAGGAGGTTTG	117	146	-	MYC_exon3_hg19	-0.325644
AGGACCAGTGGGCTGTGAGGAGGTTTGCTG	114	143	-	MYC_exon3_hg19	0.772839
GGCTGTGAGGAGGTTTGCTGTGGCCTCCAG	104	133	-	MYC_exon3_hg19	0.564325
TTGCTGTGGCCTCCAGCAGAAGGTGATCCA	90	119	-	MYC_exon3_hg19	0.354401
CCAGACTCTGACCTTTTGCCAGGAGCCTGC	63	92	-	MYC_exon3_hg19	-0.335738
